  Classe.cpp
C:\Users\Zakaria\source\repos\GESTION_NOTES\GESTION_NOTES\Cours.h(14,10): error C2065: 'Note': undeclared identifier
C:\Users\Zakaria\source\repos\GESTION_NOTES\GESTION_NOTES\Cours.h(14,15): error C2059: syntax error: '>'
C:\Users\Zakaria\source\repos\GESTION_NOTES\GESTION_NOTES\Cours.h(41,21): error C2061: syntax error: identifier 'Note'
C:\Users\Zakaria\source\repos\GESTION_NOTES\GESTION_NOTES\Etudiant.h(15,8): error C2143: syntax error: missing ';' before '*'
C:\Users\Zakaria\source\repos\GESTION_NOTES\GESTION_NOTES\Etudiant.h(15,8): error C4430: missing type specifier - int assumed. Note: C++ does not support default-int
C:\Users\Zakaria\source\repos\GESTION_NOTES\GESTION_NOTES\Etudiant.h(15,24): error C2238: unexpected token(s) preceding ';'
C:\Users\Zakaria\source\repos\GESTION_NOTES\GESTION_NOTES\Etudiant.h(34,8): error C2143: syntax error: missing ';' before '*'
C:\Users\Zakaria\source\repos\GESTION_NOTES\GESTION_NOTES\Etudiant.h(34,8): error C4430: missing type specifier - int assumed. Note: C++ does not support default-int
C:\Users\Zakaria\source\repos\GESTION_NOTES\GESTION_NOTES\Etudiant.h(34,30): error C2238: unexpected token(s) preceding ';'
C:\Users\Zakaria\source\repos\GESTION_NOTES\GESTION_NOTES\Etudiant.h(40,26): error C2061: syntax error: identifier 'Classe'
C:\Users\Zakaria\source\repos\GESTION_NOTES\GESTION_NOTES\Classe.cpp(25,28): error C2660: 'Etudiant::set_classe_associe': function does not take 1 arguments
C:\Users\Zakaria\source\repos\GESTION_NOTES\GESTION_NOTES\Etudiant.h(40,7): message : see declaration of 'Etudiant::set_classe_associe'
  Cours.cpp
C:\Users\Zakaria\source\repos\GESTION_NOTES\GESTION_NOTES\Note.h(12,7): error C2143: syntax error: missing ';' before '*'
C:\Users\Zakaria\source\repos\GESTION_NOTES\GESTION_NOTES\Note.h(12,7): error C4430: missing type specifier - int assumed. Note: C++ does not support default-int
C:\Users\Zakaria\source\repos\GESTION_NOTES\GESTION_NOTES\Note.h(12,22): error C2238: unexpected token(s) preceding ';'
C:\Users\Zakaria\source\repos\GESTION_NOTES\GESTION_NOTES\Note.h(32,7): error C2143: syntax error: missing ';' before '*'
C:\Users\Zakaria\source\repos\GESTION_NOTES\GESTION_NOTES\Note.h(32,7): error C4430: missing type specifier - int assumed. Note: C++ does not support default-int
C:\Users\Zakaria\source\repos\GESTION_NOTES\GESTION_NOTES\Note.h(32,28): error C2238: unexpected token(s) preceding ';'
C:\Users\Zakaria\source\repos\GESTION_NOTES\GESTION_NOTES\Note.h(37,25): error C2061: syntax error: identifier 'Cours'
C:\Users\Zakaria\source\repos\GESTION_NOTES\GESTION_NOTES\Cours.cpp(25,27): error C2660: 'Note::set_cours_associe': function does not take 1 arguments
C:\Users\Zakaria\source\repos\GESTION_NOTES\GESTION_NOTES\Note.h(37,7): message : see declaration of 'Note::set_cours_associe'
  Enseignant.cpp
C:\Users\Zakaria\source\repos\GESTION_NOTES\GESTION_NOTES\Note.h(12,7): error C2143: syntax error: missing ';' before '*'
C:\Users\Zakaria\source\repos\GESTION_NOTES\GESTION_NOTES\Note.h(12,7): error C4430: missing type specifier - int assumed. Note: C++ does not support default-int
C:\Users\Zakaria\source\repos\GESTION_NOTES\GESTION_NOTES\Note.h(12,22): error C2238: unexpected token(s) preceding ';'
C:\Users\Zakaria\source\repos\GESTION_NOTES\GESTION_NOTES\Note.h(32,7): error C2143: syntax error: missing ';' before '*'
C:\Users\Zakaria\source\repos\GESTION_NOTES\GESTION_NOTES\Note.h(32,7): error C4430: missing type specifier - int assumed. Note: C++ does not support default-int
C:\Users\Zakaria\source\repos\GESTION_NOTES\GESTION_NOTES\Note.h(32,28): error C2238: unexpected token(s) preceding ';'
C:\Users\Zakaria\source\repos\GESTION_NOTES\GESTION_NOTES\Note.h(37,25): error C2061: syntax error: identifier 'Cours'
  Etudiant.cpp
C:\Users\Zakaria\source\repos\GESTION_NOTES\GESTION_NOTES\Cours.h(14,10): error C2065: 'Note': undeclared identifier
C:\Users\Zakaria\source\repos\GESTION_NOTES\GESTION_NOTES\Cours.h(14,15): error C2059: syntax error: '>'
C:\Users\Zakaria\source\repos\GESTION_NOTES\GESTION_NOTES\Cours.h(41,21): error C2061: syntax error: identifier 'Note'
C:\Users\Zakaria\source\repos\GESTION_NOTES\GESTION_NOTES\Classe.h(13,9): error C2065: 'Etudiant': undeclared identifier
C:\Users\Zakaria\source\repos\GESTION_NOTES\GESTION_NOTES\Classe.h(13,18): error C2059: syntax error: '>'
C:\Users\Zakaria\source\repos\GESTION_NOTES\GESTION_NOTES\Classe.h(39,24): error C2061: syntax error: identifier 'Etudiant'
  Note.cpp
C:\Users\Zakaria\source\repos\GESTION_NOTES\GESTION_NOTES\Cours.h(14,10): error C2065: 'Note': undeclared identifier
C:\Users\Zakaria\source\repos\GESTION_NOTES\GESTION_NOTES\Cours.h(14,15): error C2059: syntax error: '>'
C:\Users\Zakaria\source\repos\GESTION_NOTES\GESTION_NOTES\Cours.h(41,21): error C2061: syntax error: identifier 'Note'
  Personne.cpp
  Source.cpp
C:\Users\Zakaria\source\repos\GESTION_NOTES\GESTION_NOTES\Cours.h(14,10): error C2065: 'Note': undeclared identifier
C:\Users\Zakaria\source\repos\GESTION_NOTES\GESTION_NOTES\Cours.h(14,15): error C2059: syntax error: '>'
C:\Users\Zakaria\source\repos\GESTION_NOTES\GESTION_NOTES\Cours.h(41,21): error C2061: syntax error: identifier 'Note'
C:\Users\Zakaria\source\repos\GESTION_NOTES\GESTION_NOTES\Classe.h(13,9): error C2065: 'Etudiant': undeclared identifier
C:\Users\Zakaria\source\repos\GESTION_NOTES\GESTION_NOTES\Classe.h(13,18): error C2059: syntax error: '>'
C:\Users\Zakaria\source\repos\GESTION_NOTES\GESTION_NOTES\Classe.h(39,24): error C2061: syntax error: identifier 'Etudiant'
C:\Users\Zakaria\source\repos\GESTION_NOTES\GESTION_NOTES\Source.cpp(87,30): error C2660: 'Classe::ajouter_etudiant': function does not take 1 arguments
C:\Users\Zakaria\source\repos\GESTION_NOTES\GESTION_NOTES\Classe.h(39,7): message : see declaration of 'Classe::ajouter_etudiant'
C:\Users\Zakaria\source\repos\GESTION_NOTES\GESTION_NOTES\Source.cpp(89,32): error C2660: 'Classe::ajouter_etudiant': function does not take 1 arguments
C:\Users\Zakaria\source\repos\GESTION_NOTES\GESTION_NOTES\Classe.h(39,7): message : see declaration of 'Classe::ajouter_etudiant'
C:\Users\Zakaria\source\repos\GESTION_NOTES\GESTION_NOTES\Source.cpp(96,28): error C2660: 'Cours::ajouter_notes': function does not take 1 arguments
C:\Users\Zakaria\source\repos\GESTION_NOTES\GESTION_NOTES\Cours.h(41,7): message : see declaration of 'Cours::ajouter_notes'
C:\Users\Zakaria\source\repos\GESTION_NOTES\GESTION_NOTES\Source.cpp(97,27): error C2660: 'Cours::ajouter_notes': function does not take 1 arguments
C:\Users\Zakaria\source\repos\GESTION_NOTES\GESTION_NOTES\Cours.h(41,7): message : see declaration of 'Cours::ajouter_notes'
C:\Users\Zakaria\source\repos\GESTION_NOTES\GESTION_NOTES\Source.cpp(99,28): error C2660: 'Cours::ajouter_notes': function does not take 1 arguments
C:\Users\Zakaria\source\repos\GESTION_NOTES\GESTION_NOTES\Cours.h(41,7): message : see declaration of 'Cours::ajouter_notes'
C:\Users\Zakaria\source\repos\GESTION_NOTES\GESTION_NOTES\Source.cpp(100): error C2102: '&' requires l-value
C:\Users\Zakaria\source\repos\GESTION_NOTES\GESTION_NOTES\Source.cpp(100,45): error C2660: 'Cours::ajouter_notes': function does not take 1 arguments
C:\Users\Zakaria\source\repos\GESTION_NOTES\GESTION_NOTES\Cours.h(41,7): message : see declaration of 'Cours::ajouter_notes'
  Generating Code...
